Summary of SPARK analysis
=========================

------------------------------------------------------------------------------------------------------
SPARK Analysis results        Total        Flow   Interval   CodePeer   Provers   Justified   Unproved
------------------------------------------------------------------------------------------------------
Data Dependencies                 .           .          .          .         .           .          .
Flow Dependencies                 .           .          .          .         .           .          .
Initialization                    6           6          .          .         .           .          .
Non-Aliasing                      .           .          .          .         .           .          .
Run-time Checks                   .           .          .          .         .           .          .
Assertions                        .           .          .          .         .           .          .
Functional Contracts              .           .          .          .         .           .          .
LSP Verification                  .           .          .          .         .           .          .
------------------------------------------------------------------------------------------------------
Total                             6    6 (100%)          .          .         .           .          .


Analyzed 3 units
in unit main, 0 subprograms and packages out of 1 analyzed
  Main at main.adb:4 skipped
in unit sorting, 3 subprograms and packages out of 3 analyzed
  Sorting at sorting.ads:1 flow analyzed (0 errors and 0 warnings)
  Sorting.Is_Sorted at sorting.ads:16 flow analyzed (0 errors and 0 warnings)
  Sorting.Selection_Sort at sorting.ads:9 flow analyzed (0 errors and 0 warnings)
in unit test, 0 subprograms and packages out of 1 analyzed
  test at test.adb:16 skipped
