Summary of SPARK analysis
=========================

--------------------------------------------------------------------------------------------------------
SPARK Analysis results        Total        Flow   Interval   CodePeer     Provers   Justified   Unproved
--------------------------------------------------------------------------------------------------------
Data Dependencies                 .           .          .          .           .           .          .
Flow Dependencies                 .           .          .          .           .           .          .
Initialization                   17          15          .          .           .           .          2
Non-Aliasing                      .           .          .          .           .           .          .
Run-time Checks                   4           .          .          .    1 (CVC4)           .          3
Assertions                        4           .          .          .    3 (CVC4)           .          1
Functional Contracts              2           .          .          .    1 (CVC4)           .          1
LSP Verification                  .           .          .          .           .           .          .
--------------------------------------------------------------------------------------------------------
Total                            27    15 (56%)          .          .     5 (19%)           .    7 (26%)


Analyzed 2 units
in unit elections, 5 subprograms and packages out of 5 analyzed
  Elections at elections.ads:2 flow analyzed (0 errors and 0 warnings) and proved (1 checks)
  Elections.All_Voters_Voted at elections.ads:31 flow analyzed (0 errors and 0 warnings) and proved (0 checks)
  Elections.Find_Winner at elections.ads:34 flow analyzed (0 errors and 0 warnings) and not proved, 3 checks out of 5 proved
  Elections.Initialize at elections.ads:11 flow analyzed (0 errors and 0 warnings) and proved (1 checks)
  Elections.Vote_For at elections.ads:25 flow analyzed (0 errors and 2 warnings) and not proved, 0 checks out of 3 proved
in unit main, 0 subprograms and packages out of 1 analyzed
  main at main.adb:16 skipped
