Summary of SPARK analysis
=========================

-------------------------------------------------------------------------------------------------------
SPARK Analysis results        Total       Flow   Interval   CodePeer     Provers   Justified   Unproved
-------------------------------------------------------------------------------------------------------
Data Dependencies                 .          .          .          .           .           .          .
Flow Dependencies                 .          .          .          .           .           .          .
Initialization                    2          2          .          .           .           .          .
Non-Aliasing                      .          .          .          .           .           .          .
Run-time Checks                   .          .          .          .           .           .          .
Assertions                        .          .          .          .           .           .          .
Functional Contracts              2          .          .          .    2 (CVC4)           .          .
LSP Verification                  .          .          .          .           .           .          .
-------------------------------------------------------------------------------------------------------
Total                             4    2 (50%)          .          .     2 (50%)           .          .


Analyzed 2 units
in unit main, 0 subprograms and packages out of 1 analyzed
  main at main.adb:14 skipped
in unit thread, 3 subprograms and packages out of 3 analyzed
  Thread at thread.ads:2 flow analyzed (0 errors and 0 warnings) and proved (0 checks)
  Thread.Do_Action at thread.ads:12 flow analyzed (0 errors and 0 warnings) and proved (1 checks)
  Thread.Initialize at thread.ads:8 flow analyzed (0 errors and 0 warnings) and proved (1 checks)
